[Mon Mar 01 20:57:55 MST 2021] - INFO passoff.ServerTest: 	Setting up Persistence Test...
[Mon Mar 01 20:57:55 MST 2021] - INFO client.Proxy: 	Clear called
[Mon Mar 01 20:57:55 MST 2021] - INFO client.Client: 	Post without Request Body called
[Mon Mar 01 20:57:55 MST 2021] - INFO client.Client: 	Attempting to open connection to server
[Mon Mar 01 20:57:55 MST 2021] - INFO client.Client: 	Connection opened to server
[Mon Mar 01 20:57:55 MST 2021] - INFO client.Client: 	Setting passoffrequest method to POST
[Mon Mar 01 20:57:55 MST 2021] - INFO client.Client: 	Request method set to POST
[Mon Mar 01 20:57:55 MST 2021] - INFO client.Client: 	Setting Do Output to true
[Mon Mar 01 20:57:55 MST 2021] - INFO client.Client: 	Do Output set to true
[Mon Mar 01 20:57:55 MST 2021] - INFO client.Client: 	Connecting to server
[Mon Mar 01 20:57:57 MST 2021] - INFO passoff.ServerTest: 	Setting up File Handler Default Test...
[Mon Mar 01 20:57:57 MST 2021] - INFO client.Proxy: 	Clear called
[Mon Mar 01 20:57:57 MST 2021] - INFO client.Client: 	Post without Request Body called
[Mon Mar 01 20:57:57 MST 2021] - INFO client.Client: 	Attempting to open connection to server
[Mon Mar 01 20:57:57 MST 2021] - INFO client.Client: 	Connection opened to server
[Mon Mar 01 20:57:57 MST 2021] - INFO client.Client: 	Setting passoffrequest method to POST
[Mon Mar 01 20:57:57 MST 2021] - INFO client.Client: 	Request method set to POST
[Mon Mar 01 20:57:57 MST 2021] - INFO client.Client: 	Setting Do Output to true
[Mon Mar 01 20:57:57 MST 2021] - INFO client.Client: 	Do Output set to true
[Mon Mar 01 20:57:57 MST 2021] - INFO client.Client: 	Connecting to server
[Mon Mar 01 20:57:59 MST 2021] - INFO passoff.ServerTest: 	Setting up Realistic Fill Death Test...
[Mon Mar 01 20:57:59 MST 2021] - INFO client.Proxy: 	Clear called
[Mon Mar 01 20:57:59 MST 2021] - INFO client.Client: 	Post without Request Body called
[Mon Mar 01 20:57:59 MST 2021] - INFO client.Client: 	Attempting to open connection to server
[Mon Mar 01 20:57:59 MST 2021] - INFO client.Client: 	Connection opened to server
[Mon Mar 01 20:57:59 MST 2021] - INFO client.Client: 	Setting passoffrequest method to POST
[Mon Mar 01 20:57:59 MST 2021] - INFO client.Client: 	Request method set to POST
[Mon Mar 01 20:57:59 MST 2021] - INFO client.Client: 	Setting Do Output to true
[Mon Mar 01 20:57:59 MST 2021] - INFO client.Client: 	Do Output set to true
[Mon Mar 01 20:57:59 MST 2021] - INFO client.Client: 	Connecting to server
[Mon Mar 01 20:58:01 MST 2021] - INFO passoff.ServerTest: 	Setting up Login Invalid User Test...
[Mon Mar 01 20:58:01 MST 2021] - INFO client.Proxy: 	Clear called
[Mon Mar 01 20:58:01 MST 2021] - INFO client.Client: 	Post without Request Body called
[Mon Mar 01 20:58:01 MST 2021] - INFO client.Client: 	Attempting to open connection to server
[Mon Mar 01 20:58:01 MST 2021] - INFO client.Client: 	Connection opened to server
[Mon Mar 01 20:58:01 MST 2021] - INFO client.Client: 	Setting passoffrequest method to POST
[Mon Mar 01 20:58:01 MST 2021] - INFO client.Client: 	Request method set to POST
[Mon Mar 01 20:58:01 MST 2021] - INFO client.Client: 	Setting Do Output to true
[Mon Mar 01 20:58:01 MST 2021] - INFO client.Client: 	Do Output set to true
[Mon Mar 01 20:58:01 MST 2021] - INFO client.Client: 	Connecting to server
[Mon Mar 01 20:58:04 MST 2021] - INFO passoff.ServerTest: 	Setting up Load Valid Info Test...
[Mon Mar 01 20:58:04 MST 2021] - INFO client.Proxy: 	Clear called
[Mon Mar 01 20:58:04 MST 2021] - INFO client.Client: 	Post without Request Body called
[Mon Mar 01 20:58:04 MST 2021] - INFO client.Client: 	Attempting to open connection to server
[Mon Mar 01 20:58:04 MST 2021] - INFO client.Client: 	Connection opened to server
[Mon Mar 01 20:58:04 MST 2021] - INFO client.Client: 	Setting passoffrequest method to POST
[Mon Mar 01 20:58:04 MST 2021] - INFO client.Client: 	Request method set to POST
[Mon Mar 01 20:58:04 MST 2021] - INFO client.Client: 	Setting Do Output to true
[Mon Mar 01 20:58:04 MST 2021] - INFO client.Client: 	Do Output set to true
[Mon Mar 01 20:58:04 MST 2021] - INFO client.Client: 	Connecting to server
[Mon Mar 01 20:58:06 MST 2021] - INFO passoff.ServerTest: 	Setting up Valid Fill Relationships Test...
[Mon Mar 01 20:58:06 MST 2021] - INFO client.Proxy: 	Clear called
[Mon Mar 01 20:58:06 MST 2021] - INFO client.Client: 	Post without Request Body called
[Mon Mar 01 20:58:06 MST 2021] - INFO client.Client: 	Attempting to open connection to server
[Mon Mar 01 20:58:06 MST 2021] - INFO client.Client: 	Connection opened to server
[Mon Mar 01 20:58:06 MST 2021] - INFO client.Client: 	Setting passoffrequest method to POST
[Mon Mar 01 20:58:06 MST 2021] - INFO client.Client: 	Request method set to POST
[Mon Mar 01 20:58:06 MST 2021] - INFO client.Client: 	Setting Do Output to true
[Mon Mar 01 20:58:06 MST 2021] - INFO client.Client: 	Do Output set to true
[Mon Mar 01 20:58:06 MST 2021] - INFO client.Client: 	Connecting to server
[Mon Mar 01 20:58:08 MST 2021] - INFO passoff.ServerTest: 	Setting up Login Invalid Password Test...
[Mon Mar 01 20:58:08 MST 2021] - INFO client.Proxy: 	Clear called
[Mon Mar 01 20:58:08 MST 2021] - INFO client.Client: 	Post without Request Body called
[Mon Mar 01 20:58:08 MST 2021] - INFO client.Client: 	Attempting to open connection to server
[Mon Mar 01 20:58:08 MST 2021] - INFO client.Client: 	Connection opened to server
[Mon Mar 01 20:58:08 MST 2021] - INFO client.Client: 	Setting passoffrequest method to POST
[Mon Mar 01 20:58:08 MST 2021] - INFO client.Client: 	Request method set to POST
[Mon Mar 01 20:58:08 MST 2021] - INFO client.Client: 	Setting Do Output to true
[Mon Mar 01 20:58:08 MST 2021] - INFO client.Client: 	Do Output set to true
[Mon Mar 01 20:58:08 MST 2021] - INFO client.Client: 	Connecting to server
[Mon Mar 01 20:58:10 MST 2021] - INFO passoff.ServerTest: 	Setting up Events Bad Auth Token Test...
[Mon Mar 01 20:58:10 MST 2021] - INFO client.Proxy: 	Clear called
[Mon Mar 01 20:58:10 MST 2021] - INFO client.Client: 	Post without Request Body called
[Mon Mar 01 20:58:10 MST 2021] - INFO client.Client: 	Attempting to open connection to server
[Mon Mar 01 20:58:10 MST 2021] - INFO client.Client: 	Connection opened to server
[Mon Mar 01 20:58:10 MST 2021] - INFO client.Client: 	Setting passoffrequest method to POST
[Mon Mar 01 20:58:10 MST 2021] - INFO client.Client: 	Request method set to POST
[Mon Mar 01 20:58:10 MST 2021] - INFO client.Client: 	Setting Do Output to true
[Mon Mar 01 20:58:10 MST 2021] - INFO client.Client: 	Do Output set to true
[Mon Mar 01 20:58:10 MST 2021] - INFO client.Client: 	Connecting to server
[Mon Mar 01 20:58:12 MST 2021] - INFO passoff.ServerTest: 	Setting up Clear Test...
[Mon Mar 01 20:58:12 MST 2021] - INFO client.Proxy: 	Clear called
[Mon Mar 01 20:58:12 MST 2021] - INFO client.Client: 	Post without Request Body called
[Mon Mar 01 20:58:12 MST 2021] - INFO client.Client: 	Attempting to open connection to server
[Mon Mar 01 20:58:12 MST 2021] - INFO client.Client: 	Connection opened to server
[Mon Mar 01 20:58:12 MST 2021] - INFO client.Client: 	Setting passoffrequest method to POST
[Mon Mar 01 20:58:12 MST 2021] - INFO client.Client: 	Request method set to POST
[Mon Mar 01 20:58:12 MST 2021] - INFO client.Client: 	Setting Do Output to true
[Mon Mar 01 20:58:12 MST 2021] - INFO client.Client: 	Do Output set to true
[Mon Mar 01 20:58:12 MST 2021] - INFO client.Client: 	Connecting to server
[Mon Mar 01 20:58:14 MST 2021] - INFO passoff.ServerTest: 	Setting up Event Bad Auth Token Test...
[Mon Mar 01 20:58:14 MST 2021] - INFO client.Proxy: 	Clear called
[Mon Mar 01 20:58:14 MST 2021] - INFO client.Client: 	Post without Request Body called
[Mon Mar 01 20:58:14 MST 2021] - INFO client.Client: 	Attempting to open connection to server
[Mon Mar 01 20:58:14 MST 2021] - INFO client.Client: 	Connection opened to server
[Mon Mar 01 20:58:14 MST 2021] - INFO client.Client: 	Setting passoffrequest method to POST
[Mon Mar 01 20:58:14 MST 2021] - INFO client.Client: 	Request method set to POST
[Mon Mar 01 20:58:14 MST 2021] - INFO client.Client: 	Setting Do Output to true
[Mon Mar 01 20:58:14 MST 2021] - INFO client.Client: 	Do Output set to true
[Mon Mar 01 20:58:14 MST 2021] - INFO client.Client: 	Connecting to server
[Mon Mar 01 20:58:16 MST 2021] - INFO passoff.ServerTest: 	Setting up Realistic Fill Marriage Test...
[Mon Mar 01 20:58:16 MST 2021] - INFO client.Proxy: 	Clear called
[Mon Mar 01 20:58:16 MST 2021] - INFO client.Client: 	Post without Request Body called
[Mon Mar 01 20:58:16 MST 2021] - INFO client.Client: 	Attempting to open connection to server
[Mon Mar 01 20:58:16 MST 2021] - INFO client.Client: 	Connection opened to server
[Mon Mar 01 20:58:16 MST 2021] - INFO client.Client: 	Setting passoffrequest method to POST
[Mon Mar 01 20:58:16 MST 2021] - INFO client.Client: 	Request method set to POST
[Mon Mar 01 20:58:16 MST 2021] - INFO client.Client: 	Setting Do Output to true
[Mon Mar 01 20:58:16 MST 2021] - INFO client.Client: 	Do Output set to true
[Mon Mar 01 20:58:16 MST 2021] - INFO client.Client: 	Connecting to server
[Mon Mar 01 20:58:18 MST 2021] - INFO passoff.ServerTest: 	Setting up Person Wrong User Test...
[Mon Mar 01 20:58:18 MST 2021] - INFO client.Proxy: 	Clear called
[Mon Mar 01 20:58:18 MST 2021] - INFO client.Client: 	Post without Request Body called
[Mon Mar 01 20:58:18 MST 2021] - INFO client.Client: 	Attempting to open connection to server
[Mon Mar 01 20:58:18 MST 2021] - INFO client.Client: 	Connection opened to server
[Mon Mar 01 20:58:18 MST 2021] - INFO client.Client: 	Setting passoffrequest method to POST
[Mon Mar 01 20:58:18 MST 2021] - INFO client.Client: 	Request method set to POST
[Mon Mar 01 20:58:18 MST 2021] - INFO client.Client: 	Setting Do Output to true
[Mon Mar 01 20:58:18 MST 2021] - INFO client.Client: 	Do Output set to true
[Mon Mar 01 20:58:18 MST 2021] - INFO client.Client: 	Connecting to server
[Mon Mar 01 20:58:20 MST 2021] - INFO passoff.ServerTest: 	Setting up Person Bad Auth Token Test...
[Mon Mar 01 20:58:20 MST 2021] - INFO client.Proxy: 	Clear called
[Mon Mar 01 20:58:20 MST 2021] - INFO client.Client: 	Post without Request Body called
[Mon Mar 01 20:58:20 MST 2021] - INFO client.Client: 	Attempting to open connection to server
[Mon Mar 01 20:58:20 MST 2021] - INFO client.Client: 	Connection opened to server
[Mon Mar 01 20:58:20 MST 2021] - INFO client.Client: 	Setting passoffrequest method to POST
[Mon Mar 01 20:58:20 MST 2021] - INFO client.Client: 	Request method set to POST
[Mon Mar 01 20:58:20 MST 2021] - INFO client.Client: 	Setting Do Output to true
[Mon Mar 01 20:58:20 MST 2021] - INFO client.Client: 	Do Output set to true
[Mon Mar 01 20:58:20 MST 2021] - INFO client.Client: 	Connecting to server
[Mon Mar 01 20:58:22 MST 2021] - INFO passoff.ServerTest: 	Setting up Event Valid Test...
[Mon Mar 01 20:58:22 MST 2021] - INFO client.Proxy: 	Clear called
[Mon Mar 01 20:58:22 MST 2021] - INFO client.Client: 	Post without Request Body called
[Mon Mar 01 20:58:22 MST 2021] - INFO client.Client: 	Attempting to open connection to server
[Mon Mar 01 20:58:22 MST 2021] - INFO client.Client: 	Connection opened to server
[Mon Mar 01 20:58:22 MST 2021] - INFO client.Client: 	Setting passoffrequest method to POST
[Mon Mar 01 20:58:22 MST 2021] - INFO client.Client: 	Request method set to POST
[Mon Mar 01 20:58:22 MST 2021] - INFO client.Client: 	Setting Do Output to true
[Mon Mar 01 20:58:22 MST 2021] - INFO client.Client: 	Do Output set to true
[Mon Mar 01 20:58:22 MST 2021] - INFO client.Client: 	Connecting to server
[Mon Mar 01 20:58:24 MST 2021] - INFO passoff.ServerTest: 	Setting up Fill 2 Valid Test...
[Mon Mar 01 20:58:24 MST 2021] - INFO client.Proxy: 	Clear called
[Mon Mar 01 20:58:24 MST 2021] - INFO client.Client: 	Post without Request Body called
[Mon Mar 01 20:58:24 MST 2021] - INFO client.Client: 	Attempting to open connection to server
[Mon Mar 01 20:58:24 MST 2021] - INFO client.Client: 	Connection opened to server
[Mon Mar 01 20:58:24 MST 2021] - INFO client.Client: 	Setting passoffrequest method to POST
[Mon Mar 01 20:58:24 MST 2021] - INFO client.Client: 	Request method set to POST
[Mon Mar 01 20:58:24 MST 2021] - INFO client.Client: 	Setting Do Output to true
[Mon Mar 01 20:58:24 MST 2021] - INFO client.Client: 	Do Output set to true
[Mon Mar 01 20:58:24 MST 2021] - INFO client.Client: 	Connecting to server
[Mon Mar 01 20:58:26 MST 2021] - INFO passoff.ServerTest: 	Setting up Fill 4 Valid Test...
[Mon Mar 01 20:58:26 MST 2021] - INFO client.Proxy: 	Clear called
[Mon Mar 01 20:58:26 MST 2021] - INFO client.Client: 	Post without Request Body called
[Mon Mar 01 20:58:26 MST 2021] - INFO client.Client: 	Attempting to open connection to server
[Mon Mar 01 20:58:26 MST 2021] - INFO client.Client: 	Connection opened to server
[Mon Mar 01 20:58:26 MST 2021] - INFO client.Client: 	Setting passoffrequest method to POST
[Mon Mar 01 20:58:26 MST 2021] - INFO client.Client: 	Request method set to POST
[Mon Mar 01 20:58:26 MST 2021] - INFO client.Client: 	Setting Do Output to true
[Mon Mar 01 20:58:26 MST 2021] - INFO client.Client: 	Do Output set to true
[Mon Mar 01 20:58:26 MST 2021] - INFO client.Client: 	Connecting to server
[Mon Mar 01 20:58:28 MST 2021] - INFO passoff.ServerTest: 	Setting up Fill 5 Valid Test...
[Mon Mar 01 20:58:28 MST 2021] - INFO client.Proxy: 	Clear called
[Mon Mar 01 20:58:28 MST 2021] - INFO client.Client: 	Post without Request Body called
[Mon Mar 01 20:58:28 MST 2021] - INFO client.Client: 	Attempting to open connection to server
[Mon Mar 01 20:58:28 MST 2021] - INFO client.Client: 	Connection opened to server
[Mon Mar 01 20:58:28 MST 2021] - INFO client.Client: 	Setting passoffrequest method to POST
[Mon Mar 01 20:58:28 MST 2021] - INFO client.Client: 	Request method set to POST
[Mon Mar 01 20:58:28 MST 2021] - INFO client.Client: 	Setting Do Output to true
[Mon Mar 01 20:58:28 MST 2021] - INFO client.Client: 	Do Output set to true
[Mon Mar 01 20:58:28 MST 2021] - INFO client.Client: 	Connecting to server
[Mon Mar 01 20:58:30 MST 2021] - INFO passoff.ServerTest: 	Setting up Persons Valid Test...
[Mon Mar 01 20:58:30 MST 2021] - INFO client.Proxy: 	Clear called
[Mon Mar 01 20:58:30 MST 2021] - INFO client.Client: 	Post without Request Body called
[Mon Mar 01 20:58:30 MST 2021] - INFO client.Client: 	Attempting to open connection to server
[Mon Mar 01 20:58:30 MST 2021] - INFO client.Client: 	Connection opened to server
[Mon Mar 01 20:58:30 MST 2021] - INFO client.Client: 	Setting passoffrequest method to POST
[Mon Mar 01 20:58:30 MST 2021] - INFO client.Client: 	Request method set to POST
[Mon Mar 01 20:58:30 MST 2021] - INFO client.Client: 	Setting Do Output to true
[Mon Mar 01 20:58:30 MST 2021] - INFO client.Client: 	Do Output set to true
[Mon Mar 01 20:58:30 MST 2021] - INFO client.Client: 	Connecting to server
[Mon Mar 01 20:58:32 MST 2021] - INFO passoff.ServerTest: 	Setting up Load Valid Test...
[Mon Mar 01 20:58:32 MST 2021] - INFO client.Proxy: 	Clear called
[Mon Mar 01 20:58:32 MST 2021] - INFO client.Client: 	Post without Request Body called
[Mon Mar 01 20:58:32 MST 2021] - INFO client.Client: 	Attempting to open connection to server
[Mon Mar 01 20:58:32 MST 2021] - INFO client.Client: 	Connection opened to server
[Mon Mar 01 20:58:32 MST 2021] - INFO client.Client: 	Setting passoffrequest method to POST
[Mon Mar 01 20:58:32 MST 2021] - INFO client.Client: 	Request method set to POST
[Mon Mar 01 20:58:32 MST 2021] - INFO client.Client: 	Setting Do Output to true
[Mon Mar 01 20:58:32 MST 2021] - INFO client.Client: 	Do Output set to true
[Mon Mar 01 20:58:32 MST 2021] - INFO client.Client: 	Connecting to server
[Mon Mar 01 20:58:34 MST 2021] - INFO passoff.ServerTest: 	Setting up Re-Register User Test...
[Mon Mar 01 20:58:34 MST 2021] - INFO client.Proxy: 	Clear called
[Mon Mar 01 20:58:34 MST 2021] - INFO client.Client: 	Post without Request Body called
[Mon Mar 01 20:58:34 MST 2021] - INFO client.Client: 	Attempting to open connection to server
[Mon Mar 01 20:58:34 MST 2021] - INFO client.Client: 	Connection opened to server
[Mon Mar 01 20:58:34 MST 2021] - INFO client.Client: 	Setting passoffrequest method to POST
[Mon Mar 01 20:58:34 MST 2021] - INFO client.Client: 	Request method set to POST
[Mon Mar 01 20:58:34 MST 2021] - INFO client.Client: 	Setting Do Output to true
[Mon Mar 01 20:58:34 MST 2021] - INFO client.Client: 	Do Output set to true
[Mon Mar 01 20:58:34 MST 2021] - INFO client.Client: 	Connecting to server
[Mon Mar 01 20:58:36 MST 2021] - INFO passoff.ServerTest: 	Setting up Event Wrong User Test...
[Mon Mar 01 20:58:36 MST 2021] - INFO client.Proxy: 	Clear called
[Mon Mar 01 20:58:36 MST 2021] - INFO client.Client: 	Post without Request Body called
[Mon Mar 01 20:58:36 MST 2021] - INFO client.Client: 	Attempting to open connection to server
[Mon Mar 01 20:58:36 MST 2021] - INFO client.Client: 	Connection opened to server
[Mon Mar 01 20:58:36 MST 2021] - INFO client.Client: 	Setting passoffrequest method to POST
[Mon Mar 01 20:58:36 MST 2021] - INFO client.Client: 	Request method set to POST
[Mon Mar 01 20:58:36 MST 2021] - INFO client.Client: 	Setting Do Output to true
[Mon Mar 01 20:58:36 MST 2021] - INFO client.Client: 	Do Output set to true
[Mon Mar 01 20:58:36 MST 2021] - INFO client.Client: 	Connecting to server
[Mon Mar 01 20:58:38 MST 2021] - INFO passoff.ServerTest: 	Setting up Realistic Fill Birth Test...
[Mon Mar 01 20:58:38 MST 2021] - INFO client.Proxy: 	Clear called
[Mon Mar 01 20:58:38 MST 2021] - INFO client.Client: 	Post without Request Body called
[Mon Mar 01 20:58:38 MST 2021] - INFO client.Client: 	Attempting to open connection to server
[Mon Mar 01 20:58:38 MST 2021] - INFO client.Client: 	Connection opened to server
[Mon Mar 01 20:58:38 MST 2021] - INFO client.Client: 	Setting passoffrequest method to POST
[Mon Mar 01 20:58:38 MST 2021] - INFO client.Client: 	Request method set to POST
[Mon Mar 01 20:58:38 MST 2021] - INFO client.Client: 	Setting Do Output to true
[Mon Mar 01 20:58:38 MST 2021] - INFO client.Client: 	Do Output set to true
[Mon Mar 01 20:58:38 MST 2021] - INFO client.Client: 	Connecting to server
[Mon Mar 01 20:58:40 MST 2021] - INFO passoff.ServerTest: 	Setting up Events Valid Test...
[Mon Mar 01 20:58:40 MST 2021] - INFO client.Proxy: 	Clear called
[Mon Mar 01 20:58:40 MST 2021] - INFO client.Client: 	Post without Request Body called
[Mon Mar 01 20:58:40 MST 2021] - INFO client.Client: 	Attempting to open connection to server
[Mon Mar 01 20:58:40 MST 2021] - INFO client.Client: 	Connection opened to server
[Mon Mar 01 20:58:40 MST 2021] - INFO client.Client: 	Setting passoffrequest method to POST
[Mon Mar 01 20:58:40 MST 2021] - INFO client.Client: 	Request method set to POST
[Mon Mar 01 20:58:40 MST 2021] - INFO client.Client: 	Setting Do Output to true
[Mon Mar 01 20:58:40 MST 2021] - INFO client.Client: 	Do Output set to true
[Mon Mar 01 20:58:40 MST 2021] - INFO client.Client: 	Connecting to server
[Mon Mar 01 20:58:42 MST 2021] - INFO passoff.ServerTest: 	Setting up Person Valid Test...
[Mon Mar 01 20:58:42 MST 2021] - INFO client.Proxy: 	Clear called
[Mon Mar 01 20:58:42 MST 2021] - INFO client.Client: 	Post without Request Body called
[Mon Mar 01 20:58:42 MST 2021] - INFO client.Client: 	Attempting to open connection to server
[Mon Mar 01 20:58:42 MST 2021] - INFO client.Client: 	Connection opened to server
[Mon Mar 01 20:58:42 MST 2021] - INFO client.Client: 	Setting passoffrequest method to POST
[Mon Mar 01 20:58:42 MST 2021] - INFO client.Client: 	Request method set to POST
[Mon Mar 01 20:58:42 MST 2021] - INFO client.Client: 	Setting Do Output to true
[Mon Mar 01 20:58:42 MST 2021] - INFO client.Client: 	Do Output set to true
[Mon Mar 01 20:58:42 MST 2021] - INFO client.Client: 	Connecting to server
[Mon Mar 01 20:58:44 MST 2021] - INFO passoff.ServerTest: 	Setting up Register Valid New User Test...
[Mon Mar 01 20:58:44 MST 2021] - INFO client.Proxy: 	Clear called
[Mon Mar 01 20:58:44 MST 2021] - INFO client.Client: 	Post without Request Body called
[Mon Mar 01 20:58:44 MST 2021] - INFO client.Client: 	Attempting to open connection to server
[Mon Mar 01 20:58:44 MST 2021] - INFO client.Client: 	Connection opened to server
[Mon Mar 01 20:58:44 MST 2021] - INFO client.Client: 	Setting passoffrequest method to POST
[Mon Mar 01 20:58:44 MST 2021] - INFO client.Client: 	Request method set to POST
[Mon Mar 01 20:58:44 MST 2021] - INFO client.Client: 	Setting Do Output to true
[Mon Mar 01 20:58:44 MST 2021] - INFO client.Client: 	Do Output set to true
[Mon Mar 01 20:58:44 MST 2021] - INFO client.Client: 	Connecting to server
[Mon Mar 01 20:58:47 MST 2021] - INFO passoff.ServerTest: 	Setting up File Handler 404 Test...
[Mon Mar 01 20:58:47 MST 2021] - INFO client.Proxy: 	Clear called
[Mon Mar 01 20:58:47 MST 2021] - INFO client.Client: 	Post without Request Body called
[Mon Mar 01 20:58:47 MST 2021] - INFO client.Client: 	Attempting to open connection to server
[Mon Mar 01 20:58:47 MST 2021] - INFO client.Client: 	Connection opened to server
[Mon Mar 01 20:58:47 MST 2021] - INFO client.Client: 	Setting passoffrequest method to POST
[Mon Mar 01 20:58:47 MST 2021] - INFO client.Client: 	Request method set to POST
[Mon Mar 01 20:58:47 MST 2021] - INFO client.Client: 	Setting Do Output to true
[Mon Mar 01 20:58:47 MST 2021] - INFO client.Client: 	Do Output set to true
[Mon Mar 01 20:58:47 MST 2021] - INFO client.Client: 	Connecting to server
[Mon Mar 01 20:58:49 MST 2021] - INFO passoff.ServerTest: 	Setting up File Handler Test...
[Mon Mar 01 20:58:49 MST 2021] - INFO client.Proxy: 	Clear called
[Mon Mar 01 20:58:49 MST 2021] - INFO client.Client: 	Post without Request Body called
[Mon Mar 01 20:58:49 MST 2021] - INFO client.Client: 	Attempting to open connection to server
[Mon Mar 01 20:58:49 MST 2021] - INFO client.Client: 	Connection opened to server
[Mon Mar 01 20:58:49 MST 2021] - INFO client.Client: 	Setting passoffrequest method to POST
[Mon Mar 01 20:58:49 MST 2021] - INFO client.Client: 	Request method set to POST
[Mon Mar 01 20:58:49 MST 2021] - INFO client.Client: 	Setting Do Output to true
[Mon Mar 01 20:58:49 MST 2021] - INFO client.Client: 	Do Output set to true
[Mon Mar 01 20:58:49 MST 2021] - INFO client.Client: 	Connecting to server
[Mon Mar 01 20:58:51 MST 2021] - INFO passoff.ServerTest: 	Setting up Persons Bad Auth Token Test...
[Mon Mar 01 20:58:51 MST 2021] - INFO client.Proxy: 	Clear called
[Mon Mar 01 20:58:51 MST 2021] - INFO client.Client: 	Post without Request Body called
[Mon Mar 01 20:58:51 MST 2021] - INFO client.Client: 	Attempting to open connection to server
[Mon Mar 01 20:58:51 MST 2021] - INFO client.Client: 	Connection opened to server
[Mon Mar 01 20:58:51 MST 2021] - INFO client.Client: 	Setting passoffrequest method to POST
[Mon Mar 01 20:58:51 MST 2021] - INFO client.Client: 	Request method set to POST
[Mon Mar 01 20:58:51 MST 2021] - INFO client.Client: 	Setting Do Output to true
[Mon Mar 01 20:58:51 MST 2021] - INFO client.Client: 	Do Output set to true
[Mon Mar 01 20:58:51 MST 2021] - INFO client.Client: 	Connecting to server
[Mon Mar 01 20:58:53 MST 2021] - INFO passoff.ServerTest: 	Setting up Fill Does Not Affect Other Users Test...
[Mon Mar 01 20:58:53 MST 2021] - INFO client.Proxy: 	Clear called
[Mon Mar 01 20:58:53 MST 2021] - INFO client.Client: 	Post without Request Body called
[Mon Mar 01 20:58:53 MST 2021] - INFO client.Client: 	Attempting to open connection to server
[Mon Mar 01 20:58:53 MST 2021] - INFO client.Client: 	Connection opened to server
[Mon Mar 01 20:58:53 MST 2021] - INFO client.Client: 	Setting passoffrequest method to POST
[Mon Mar 01 20:58:53 MST 2021] - INFO client.Client: 	Request method set to POST
[Mon Mar 01 20:58:53 MST 2021] - INFO client.Client: 	Setting Do Output to true
[Mon Mar 01 20:58:53 MST 2021] - INFO client.Client: 	Do Output set to true
[Mon Mar 01 20:58:53 MST 2021] - INFO client.Client: 	Connecting to server
[Mon Mar 01 20:58:55 MST 2021] - INFO passoff.ServerTest: 	Setting up Login Valid User Test...
[Mon Mar 01 20:58:55 MST 2021] - INFO client.Proxy: 	Clear called
[Mon Mar 01 20:58:55 MST 2021] - INFO client.Client: 	Post without Request Body called
[Mon Mar 01 20:58:55 MST 2021] - INFO client.Client: 	Attempting to open connection to server
[Mon Mar 01 20:58:55 MST 2021] - INFO client.Client: 	Connection opened to server
[Mon Mar 01 20:58:55 MST 2021] - INFO client.Client: 	Setting passoffrequest method to POST
[Mon Mar 01 20:58:55 MST 2021] - INFO client.Client: 	Request method set to POST
[Mon Mar 01 20:58:55 MST 2021] - INFO client.Client: 	Setting Do Output to true
[Mon Mar 01 20:58:55 MST 2021] - INFO client.Client: 	Do Output set to true
[Mon Mar 01 20:58:55 MST 2021] - INFO client.Client: 	Connecting to server
